This is XeTeX, Version 3.14159265-2.6-0.99998 (TeX Live 2017) (preloaded format=xelatex 2017.8.24)  5 SEP 2018 11:59
entering extended mode
 restricted \write18 enabled.
 %&-line parsing enabled.
**questionnaire.tex
(./questionnaire.tex
LaTeX2e <2017-04-15>
Babel <3.12> and hyphenation patterns for 84 language(s) loaded.
(./sdaps.cls
Document Class: sdaps 2013/03/10v1.0 Class for composing questionairs for SDAPS

(/opt/TEXLive/2017/texmf-dist/tex/latex/koma-script/scrkbase.sty
Package: scrkbase 2017/04/13 v3.23 KOMA-Script package (KOMA-Script-dependent b
asics and keyval usage)
(/opt/TEXLive/2017/texmf-dist/tex/latex/koma-script/scrbase.sty
Package: scrbase 2017/04/13 v3.23 KOMA-Script package (KOMA-Script-independent 
basics and keyval usage)
(/opt/TEXLive/2017/texmf-dist/tex/latex/graphics/keyval.sty
Package: keyval 2014/10/28 v1.15 key=value parser (DPC)
\KV@toks@=\toks14
) (/opt/TEXLive/2017/texmf-dist/tex/latex/koma-script/scrlfile.sty
Package: scrlfile 2017/04/13 v3.23 KOMA-Script package (loading files)
Package scrlfile, 2017/04/13 v3.23 KOMA-Script package (loading files)
                  Copyright (C) Markus Kohm

))) (/opt/TEXLive/2017/texmf-dist/tex/latex/xargs/xargs.sty
Package: xargs 2008/03/22 v1.1  extended macro definitions  (mpg)
(/opt/TEXLive/2017/texmf-dist/tex/latex/xkeyval/xkeyval.sty
Package: xkeyval 2014/12/03 v2.7a package option processing (HA)
(/opt/TEXLive/2017/texmf-dist/tex/generic/xkeyval/xkeyval.tex (/opt/TEXLive/201
7/texmf-dist/tex/generic/xkeyval/xkvutils.tex
\XKV@toks=\toks15
\XKV@tempa@toks=\toks16
)
\XKV@depth=\count79
File: xkeyval.tex 2014/12/03 v2.7a key=value parser (HA)
))
\xargs@max=\count80
\xargs@toksa=\toks17
\xargs@toksb=\toks18
) (/opt/TEXLive/2017/texmf-dist/tex/latex/koma-script/scrartcl.cls
Document Class: scrartcl 2017/04/13 v3.23 KOMA-Script document class (article)
(/opt/TEXLive/2017/texmf-dist/tex/latex/koma-script/tocbasic.sty
Package: tocbasic 2017/04/13 v3.23 KOMA-Script package (handling toc-files)
\scr@dte@tocline@numberwidth=\skip41
\scr@dte@tocline@numbox=\box26
)
Package tocbasic Info: omitting babel extension for `toc'
(tocbasic)             because of feature `nobabel' available
(tocbasic)             for `toc' on input line 131.
Package tocbasic Info: omitting babel extension for `lof'
(tocbasic)             because of feature `nobabel' available
(tocbasic)             for `lof' on input line 133.
Package tocbasic Info: omitting babel extension for `lot'
(tocbasic)             because of feature `nobabel' available
(tocbasic)             for `lot' on input line 134.
Package scrartcl Info: You've used standard option `12pt'.
(scrartcl)             This is correct!
(scrartcl)             Internally I'm using `fontsize=12pt'.
(scrartcl)             If you'd like to set the option with \KOMAoptions,
(scrartcl)             you'd have to use `fontsize=12pt' there
(scrartcl)             instead of `12pt', too.
Class scrartcl Info: You've used standard option `oneside'.
(scrartcl)           This is correct!
(scrartcl)           Internally I'm using `twoside=false'.
(scrartcl)           If you'd like to set the option with \KOMAoptions,
(scrartcl)           you'd have to use `twoside=false' there
(scrartcl)           instead of `oneside', too.
Class scrartcl Info: File `scrsize12pt.clo' used to setup font sizes on input l
ine 2059.
(/opt/TEXLive/2017/texmf-dist/tex/latex/koma-script/scrsize12pt.clo
File: scrsize12pt.clo 2017/04/13 v3.23 KOMA-Script font size class option (12pt
)
) (/opt/TEXLive/2017/texmf-dist/tex/latex/koma-script/typearea.sty
Package: typearea 2017/04/13 v3.23 KOMA-Script package (type area)
\ta@bcor=\skip42
\ta@div=\count81
Package typearea Info: You've used standard option `oneside'.
(typearea)             This is correct!
(typearea)             Internally I'm using `twoside=false'.
(typearea)             If you'd like to set the option with \KOMAoptions,
(typearea)             you'd have to use `twoside=false' there
(typearea)             instead of `oneside', too.
\ta@hblk=\skip43
\ta@vblk=\skip44
\ta@temp=\skip45
\footheight=\skip46
Package typearea Info: These are the values describing the layout:
(typearea)             DIV  = 12
(typearea)             BCOR = 0.0pt
(typearea)             \paperwidth      = 597.50793pt
(typearea)              \textwidth      = 448.13095pt
(typearea)              DIV departure   = -6%
(typearea)              \evensidemargin = 2.4185pt
(typearea)              \oddsidemargin  = 2.4185pt
(typearea)             \paperheight     = 845.04694pt
(typearea)              \textheight     = 635.5pt
(typearea)              \topmargin      = -23.59941pt
(typearea)              \headheight     = 0.0pt
(typearea)              \headsep        = 21.75pt
(typearea)              \topskip        = 12.0pt
(typearea)              \footskip       = 50.75pt
(typearea)              \baselineskip   = 14.5pt
(typearea)              on input line 1647.
)
\c@part=\count82
\c@section=\count83
\c@subsection=\count84
\c@subsubsection=\count85
\c@paragraph=\count86
\c@subparagraph=\count87
\scr@dte@part@maxnumwidth=\skip47
\scr@dte@section@maxnumwidth=\skip48
\scr@dte@subsection@maxnumwidth=\skip49
\scr@dte@subsubsection@maxnumwidth=\skip50
\scr@dte@paragraph@maxnumwidth=\skip51
\scr@dte@subparagraph@maxnumwidth=\skip52
LaTeX Info: Redefining \textsubscript on input line 4094.
\abovecaptionskip=\skip53
\belowcaptionskip=\skip54
\c@pti@nb@sid@b@x=\box27
\c@figure=\count88
\c@table=\count89
Class scrartcl Info: Redefining `\numberline' on input line 5233.
\bibindent=\dimen102
) (/opt/TEXLive/2017/texmf-dist/tex/latex/geometry/geometry.sty
Package: geometry 2010/09/12 v5.6 Page Geometry
(/opt/TEXLive/2017/texmf-dist/tex/generic/oberdiek/ifpdf.sty
Package: ifpdf 2017/03/15 v3.2 Provides the ifpdf switch
) (/opt/TEXLive/2017/texmf-dist/tex/generic/oberdiek/ifvtex.sty
Package: ifvtex 2016/05/16 v1.6 Detect VTeX and its facilities (HO)
Package ifvtex Info: VTeX not detected.
) (/opt/TEXLive/2017/texmf-dist/tex/generic/ifxetex/ifxetex.sty
Package: ifxetex 2010/09/12 v0.6 Provides ifxetex conditional
)
\Gm@cnth=\count90
\Gm@cntv=\count91
\c@Gm@tempcnt=\count92
\Gm@bindingoffset=\dimen103
\Gm@wd@mp=\dimen104
\Gm@odd@mp=\dimen105
\Gm@even@mp=\dimen106
\Gm@layoutwidth=\dimen107
\Gm@layoutheight=\dimen108
\Gm@layouthoffset=\dimen109
\Gm@layoutvoffset=\dimen110
\Gm@dimlist=\toks19
) (/opt/TEXLive/2017/texmf-dist/tex/latex/base/ifthen.sty
Package: ifthen 2014/09/29 v1.1c Standard LaTeX ifthen package (DPC)
) (/opt/TEXLive/2017/texmf-dist/tex/latex/base/fontenc.sty
Package: fontenc 2017/04/05 v2.0i Standard LaTeX package
(/opt/TEXLive/2017/texmf-dist/tex/latex/base/t1enc.def
File: t1enc.def 2017/04/05 v2.0i Standard LaTeX file
LaTeX Font Info:    Redeclaring font encoding T1 on input line 48.
)
LaTeX Font Info:    Try loading font information for T1+lmr on input line 105.
(/opt/TEXLive/2017/texmf-dist/tex/latex/lm/t1lmr.fd
File: t1lmr.fd 2009/10/30 v1.6 Font defs for Latin Modern
)) (/opt/TEXLive/2017/texmf-dist/tex/latex/graphics/color.sty
Package: color 2016/07/10 v1.1e Standard LaTeX Color (DPC)
(/opt/TEXLive/2017/texmf-dist/tex/latex/graphics-cfg/color.cfg
File: color.cfg 2016/01/02 v1.6 sample color configuration
)
Package color Info: Driver file: xetex.def on input line 147.
(/opt/TEXLive/2017/texmf-dist/tex/latex/graphics-def/xetex.def
File: xetex.def 2017/06/24 v5.0h Graphics/color driver for xetex
)) (/opt/TEXLive/2017/texmf-dist/tex/latex/amsfonts/amssymb.sty
Package: amssymb 2013/01/14 v3.01 AMS font symbols
(/opt/TEXLive/2017/texmf-dist/tex/latex/amsfonts/amsfonts.sty
Package: amsfonts 2013/01/14 v3.01 Basic AMSFonts support
\@emptytoks=\toks20
\symAMSa=\mathgroup4
\symAMSb=\mathgroup5
LaTeX Font Info:    Overwriting math alphabet `\mathfrak' in version `bold'
(Font)                  U/euf/m/n --> U/euf/b/n on input line 106.
)) (/opt/TEXLive/2017/texmf-dist/tex/latex/oberdiek/refcount.sty
Package: refcount 2016/05/16 v3.5 Data extraction from label references (HO)
(/opt/TEXLive/2017/texmf-dist/tex/generic/oberdiek/ltxcmds.sty
Package: ltxcmds 2016/05/16 v1.23 LaTeX kernel commands for general use (HO)
) (/opt/TEXLive/2017/texmf-dist/tex/generic/oberdiek/infwarerr.sty
Package: infwarerr 2016/05/16 v1.4 Providing info/warning/error messages (HO)
)) (/opt/TEXLive/2017/texmf-dist/tex/latex/lastpage/lastpage.sty
Package: lastpage 2015/03/29 v1.2m Refers to last page's name (HMM; JPG)
) (/opt/TEXLive/2017/texmf-dist/tex/latex/environ/environ.sty
Package: environ 2014/05/04 v0.3 A new way to define environments
(/opt/TEXLive/2017/texmf-dist/tex/latex/trimspaces/trimspaces.sty
Package: trimspaces 2009/09/17 v1.1 Trim spaces around a token list
)
\@envbody=\toks21
) (/opt/TEXLive/2017/texmf-dist/tex/latex/koma-script/scrpage2.sty
Package: scrpage2 2017/04/13 v3.23 KOMA-Script package (page head and foot)
LaTeX Info: Redefining \pagemark on input line 174.
) (/opt/TEXLive/2017/texmf-dist/tex/latex/url/url.sty
\Urlmuskip=\muskip10
Package: url 2013/09/16  ver 3.4  Verb mode for urls, etc.
) (/opt/TEXLive/2017/texmf-dist/tex/latex/hyperref/hyperref.sty
Package: hyperref 2017/03/14 v6.85a Hypertext links for LaTeX
(/opt/TEXLive/2017/texmf-dist/tex/generic/oberdiek/hobsub-hyperref.sty
Package: hobsub-hyperref 2016/05/16 v1.14 Bundle oberdiek, subset hyperref (HO)

(/opt/TEXLive/2017/texmf-dist/tex/generic/oberdiek/hobsub-generic.sty
Package: hobsub-generic 2016/05/16 v1.14 Bundle oberdiek, subset generic (HO)
Package: hobsub 2016/05/16 v1.14 Construct package bundles (HO)
Package hobsub Info: Skipping package `infwarerr' (already loaded).
Package hobsub Info: Skipping package `ltxcmds' (already loaded).
Package: ifluatex 2016/05/16 v1.4 Provides the ifluatex switch (HO)
Package ifluatex Info: LuaTeX not detected.
Package hobsub Info: Skipping package `ifvtex' (already loaded).
Package: intcalc 2016/05/16 v1.2 Expandable calculations with integers (HO)
Package hobsub Info: Skipping package `ifpdf' (already loaded).
Package: etexcmds 2016/05/16 v1.6 Avoid name clashes with e-TeX commands (HO)
Package etexcmds Info: Could not find \expanded.
(etexcmds)             That can mean that you are not using pdfTeX 1.50 or
(etexcmds)             that some package has redefined \expanded.
(etexcmds)             In the latter case, load this package earlier.
Package: kvsetkeys 2016/05/16 v1.17 Key value parser (HO)
Package: kvdefinekeys 2016/05/16 v1.4 Define keys (HO)
Package: pdftexcmds 2017/03/19 v0.25 Utility functions of pdfTeX for LuaTeX (HO
)
Package pdftexcmds Info: LuaTeX not detected.
Package pdftexcmds Info: pdfTeX >= 1.30 not detected.
Package pdftexcmds Info: \pdf@primitive is available.
Package pdftexcmds Info: \pdf@ifprimitive is available.
Package pdftexcmds Info: \pdfdraftmode not found.
Package: pdfescape 2016/05/16 v1.14 Implements pdfTeX's escape features (HO)
Package: bigintcalc 2016/05/16 v1.4 Expandable calculations on big integers (HO
)
Package: bitset 2016/05/16 v1.2 Handle bit-vector datatype (HO)
Package: uniquecounter 2016/05/16 v1.3 Provide unlimited unique counter (HO)
)
Package hobsub Info: Skipping package `hobsub' (already loaded).
Package: letltxmacro 2016/05/16 v1.5 Let assignment for LaTeX macros (HO)
Package: hopatch 2016/05/16 v1.3 Wrapper for package hooks (HO)
Package: xcolor-patch 2016/05/16 xcolor patch
Package: atveryend 2016/05/16 v1.9 Hooks at the very end of document (HO)
Package atveryend Info: \enddocument detected (standard20110627).
Package: atbegshi 2016/06/09 v1.18 At begin shipout hook (HO)
Package hobsub Info: Skipping package `refcount' (already loaded).
Package: hycolor 2016/05/16 v1.8 Color options for hyperref/bookmark (HO)
) (/opt/TEXLive/2017/texmf-dist/tex/latex/oberdiek/auxhook.sty
Package: auxhook 2016/05/16 v1.4 Hooks for auxiliary files (HO)
) (/opt/TEXLive/2017/texmf-dist/tex/latex/oberdiek/kvoptions.sty
Package: kvoptions 2016/05/16 v3.12 Key value format for package options (HO)
)
\@linkdim=\dimen111
\Hy@linkcounter=\count93
\Hy@pagecounter=\count94
(/opt/TEXLive/2017/texmf-dist/tex/latex/hyperref/pd1enc.def
File: pd1enc.def 2017/03/14 v6.85a Hyperref: PDFDocEncoding definition (HO)
)
\Hy@SavedSpaceFactor=\count95
(/opt/TEXLive/2017/texmf-dist/tex/latex/latexconfig/hyperref.cfg
File: hyperref.cfg 2002/06/06 v1.2 hyperref configuration of TeXLive
)
Package hyperref Info: Hyper figures OFF on input line 4498.
Package hyperref Info: Link nesting OFF on input line 4503.
Package hyperref Info: Hyper index ON on input line 4506.
Package hyperref Info: Plain pages OFF on input line 4513.
Package hyperref Info: Backreferencing OFF on input line 4518.
Package hyperref Info: Implicit mode ON; LaTeX internals redefined.
Package hyperref Info: Bookmarks ON on input line 4751.
\c@Hy@tempcnt=\count96
LaTeX Info: Redefining \url on input line 5104.
\XeTeXLinkMargin=\dimen112
\Fld@menulength=\count97
\Field@Width=\dimen113
\Fld@charsize=\dimen114
Package hyperref Info: Hyper figures OFF on input line 6358.
Package hyperref Info: Link nesting OFF on input line 6363.
Package hyperref Info: Hyper index ON on input line 6366.
Package hyperref Info: backreferencing OFF on input line 6373.
Package hyperref Info: Link coloring OFF on input line 6378.
Package hyperref Info: Link coloring with OCG OFF on input line 6383.
Package hyperref Info: PDF/A mode OFF on input line 6388.
LaTeX Info: Redefining \ref on input line 6428.
LaTeX Info: Redefining \pageref on input line 6432.
\Hy@abspage=\count98
\c@Item=\count99
\c@Hfootnote=\count100
)

Package hyperref Message: Driver (autodetected): hxetex.

(/opt/TEXLive/2017/texmf-dist/tex/latex/hyperref/hxetex.def
File: hxetex.def 2017/03/14 v6.85a Hyperref driver for XeTeX
(/opt/TEXLive/2017/texmf-dist/tex/latex/hyperref/puenc.def
File: puenc.def 2017/03/14 v6.85a Hyperref: PDF Unicode definition (HO)
) (/opt/TEXLive/2017/texmf-dist/tex/generic/oberdiek/stringenc.sty
Package: stringenc 2016/05/16 v1.11 Convert strings between diff. encodings (HO
)
)
\pdfm@box=\box28
\c@Hy@AnnotLevel=\count101
\HyField@AnnotCount=\count102
\Fld@listcount=\count103
\c@bookmark@seq@number=\count104
(/opt/TEXLive/2017/texmf-dist/tex/latex/oberdiek/rerunfilecheck.sty
Package: rerunfilecheck 2016/05/16 v1.8 Rerun checks for auxiliary files (HO)
Package rerunfilecheck Info: Feature \pdfmdfivesum is not available
(rerunfilecheck)             (e.g. pdfTeX or LuaTeX with package `pdftexcmds').

(rerunfilecheck)             Therefore file contents cannot be checked efficien
tly
(rerunfilecheck)             and the loading of the package is aborted.
)
\Hy@SectionHShift=\skip55
)
Package hyperref Info: Option `breaklinks' set `true' on input line 205.
(/opt/TEXLive/2017/texmf-dist/tex/generic/oberdiek/se-ascii-print.def
File: se-ascii-print.def 2016/05/16 v1.11 stringenc: Printable ASCII characters

)

Package hyperref Warning: pdfproducer: xdvipdfmx will use its own setting
(hyperref)                instead of the value given on input line 205.

(/opt/TEXLive/2017/texmf-dist/tex/latex/graphics/graphicx.sty
Package: graphicx 2017/06/01 v1.1a Enhanced LaTeX Graphics (DPC,SPQR)
(/opt/TEXLive/2017/texmf-dist/tex/latex/graphics/graphics.sty
Package: graphics 2017/06/25 v1.2c Standard LaTeX Graphics (DPC,SPQR)
(/opt/TEXLive/2017/texmf-dist/tex/latex/graphics/trig.sty
Package: trig 2016/01/03 v1.10 sin cos tan (DPC)
) (/opt/TEXLive/2017/texmf-dist/tex/latex/graphics-cfg/graphics.cfg
File: graphics.cfg 2016/06/04 v1.11 sample graphics configuration
)
Package graphics Info: Driver file: xetex.def on input line 99.
)
\Gin@req@height=\dimen115
\Gin@req@width=\dimen116
) (/opt/TEXLive/2017/texmf-dist/tex/latex/sectsty/sectsty.sty
Package: sectsty 2002/02/25 v2.0.2 Commands to change all sectional heading sty
les
) (/opt/TEXLive/2017/texmf-dist/tex/latex/tools/tabularx.sty
Package: tabularx 2016/02/03 v2.11 `tabularx' package (DPC)
(/opt/TEXLive/2017/texmf-dist/tex/latex/tools/array.sty
Package: array 2016/10/06 v2.4d Tabular extension package (FMi)
\col@sep=\dimen117
\extrarowheight=\dimen118
\NC@list=\toks22
\extratabsurround=\skip56
\backup@length=\skip57
)
\TX@col@width=\dimen119
\TX@old@table=\dimen120
\TX@old@col=\dimen121
\TX@target=\dimen122
\TX@delta=\dimen123
\TX@cols=\count105
\TX@ftn=\toks23
) (/opt/TEXLive/2017/texmf-dist/tex/generic/babel/babel.sty
Package: babel 2017/06/29 3.12 The Babel package
(/opt/TEXLive/2017/texmf-dist/tex/generic/babel/switch.def
File: switch.def 2017/06/29 3.12 Babel switching mechanism
) (/opt/TEXLive/2017/texmf-dist/tex/generic/babel-english/english.ldf
Language: english 2017/06/06 v3.3r English support from the babel system
(/opt/TEXLive/2017/texmf-dist/tex/generic/babel/babel.def
File: babel.def 2017/06/29 3.12 Babel common definitions
(/opt/TEXLive/2017/texmf-dist/tex/generic/babel/switch.def
File: switch.def 2017/06/29 3.12 Babel switching mechanism
)
\babel@savecnt=\count106
\U@D=\dimen124
(/opt/TEXLive/2017/texmf-dist/tex/generic/babel/xebabel.def)
\bbl@dirlevel=\count107
)
\l@canadian = a dialect from \language\l@american 
\l@australian = a dialect from \language\l@british 
\l@newzealand = a dialect from \language\l@british 
)) (/opt/TEXLive/2017/texmf-dist/tex/latex/beamer/translator/translator.sty
Package: translator 2010/06/12 ver 1.10

(/opt/TEXLive/2017/texmf-dist/tex/latex/beamer/translator/translator-language-m
appings.tex)) (/opt/TEXLive/2017/texmf-dist/tex/latex/pgf/frontendlayer/tikz.st
y (/opt/TEXLive/2017/texmf-dist/tex/latex/pgf/basiclayer/pgf.sty (/opt/TEXLive/
2017/texmf-dist/tex/latex/pgf/utilities/pgfrcs.sty (/opt/TEXLive/2017/texmf-dis
t/tex/generic/pgf/utilities/pgfutil-common.tex
\pgfutil@everybye=\toks24
\pgfutil@tempdima=\dimen125
\pgfutil@tempdimb=\dimen126

(/opt/TEXLive/2017/texmf-dist/tex/generic/pgf/utilities/pgfutil-common-lists.te
x)) (/opt/TEXLive/2017/texmf-dist/tex/generic/pgf/utilities/pgfutil-latex.def
\pgfutil@abb=\box29
(/opt/TEXLive/2017/texmf-dist/tex/latex/ms/everyshi.sty
Package: everyshi 2001/05/15 v3.00 EveryShipout Package (MS)
)) (/opt/TEXLive/2017/texmf-dist/tex/generic/pgf/utilities/pgfrcs.code.tex
Package: pgfrcs 2015/08/07 v3.0.1a (rcs-revision 1.31)
))
Package: pgf 2015/08/07 v3.0.1a (rcs-revision 1.15)
(/opt/TEXLive/2017/texmf-dist/tex/latex/pgf/basiclayer/pgfcore.sty (/opt/TEXLiv
e/2017/texmf-dist/tex/latex/pgf/systemlayer/pgfsys.sty (/opt/TEXLive/2017/texmf
-dist/tex/generic/pgf/systemlayer/pgfsys.code.tex
Package: pgfsys 2014/07/09 v3.0.1a (rcs-revision 1.48)
(/opt/TEXLive/2017/texmf-dist/tex/generic/pgf/utilities/pgfkeys.code.tex
\pgfkeys@pathtoks=\toks25
\pgfkeys@temptoks=\toks26

(/opt/TEXLive/2017/texmf-dist/tex/generic/pgf/utilities/pgfkeysfiltered.code.te
x
\pgfkeys@tmptoks=\toks27
))
\pgf@x=\dimen127
\pgf@y=\dimen128
\pgf@xa=\dimen129
\pgf@ya=\dimen130
\pgf@xb=\dimen131
\pgf@yb=\dimen132
\pgf@xc=\dimen133
\pgf@yc=\dimen134
\w@pgf@writea=\write3
\r@pgf@reada=\read1
\c@pgf@counta=\count108
\c@pgf@countb=\count109
\c@pgf@countc=\count110
\c@pgf@countd=\count111
\t@pgf@toka=\toks28
\t@pgf@tokb=\toks29
\t@pgf@tokc=\toks30
(/opt/TEXLive/2017/texmf-dist/tex/generic/pgf/systemlayer/pgf.cfg
File: pgf.cfg 2008/05/14  (rcs-revision 1.7)
)
Driver file for pgf: pgfsys-xetex.def
(/opt/TEXLive/2017/texmf-dist/tex/generic/pgf/systemlayer/pgfsys-xetex.def
File: pgfsys-xetex.def 2014/07/09  (rcs-revision 1.11)
(/opt/TEXLive/2017/texmf-dist/tex/generic/pgf/systemlayer/pgfsys-dvipdfmx.def
File: pgfsys-dvipdfmx.def 2014/07/09  (rcs-revision 1.14)

(/opt/TEXLive/2017/texmf-dist/tex/generic/pgf/systemlayer/pgfsys-common-pdf.def
File: pgfsys-common-pdf.def 2013/10/10  (rcs-revision 1.13)
)
\pgfsys@objnum=\count112
)))
(/opt/TEXLive/2017/texmf-dist/tex/generic/pgf/systemlayer/pgfsyssoftpath.code.t
ex
File: pgfsyssoftpath.code.tex 2013/09/09  (rcs-revision 1.9)
\pgfsyssoftpath@smallbuffer@items=\count113
\pgfsyssoftpath@bigbuffer@items=\count114
)
(/opt/TEXLive/2017/texmf-dist/tex/generic/pgf/systemlayer/pgfsysprotocol.code.t
ex
File: pgfsysprotocol.code.tex 2006/10/16  (rcs-revision 1.4)
)) (/opt/TEXLive/2017/texmf-dist/tex/latex/xcolor/xcolor.sty
Package: xcolor 2016/05/11 v2.12 LaTeX color extensions (UK)
(/opt/TEXLive/2017/texmf-dist/tex/latex/graphics-cfg/color.cfg
File: color.cfg 2016/01/02 v1.6 sample color configuration
)
Package xcolor Info: Driver file: xetex.def on input line 225.
LaTeX Info: Redefining \color on input line 709.
Package xcolor Info: Model `cmy' substituted by `cmy0' on input line 1348.
Package xcolor Info: Model `RGB' extended on input line 1364.
Package xcolor Info: Model `HTML' substituted by `rgb' on input line 1366.
Package xcolor Info: Model `Hsb' substituted by `hsb' on input line 1367.
Package xcolor Info: Model `tHsb' substituted by `hsb' on input line 1368.
Package xcolor Info: Model `HSB' substituted by `hsb' on input line 1369.
Package xcolor Info: Model `Gray' substituted by `gray' on input line 1370.
Package xcolor Info: Model `wave' substituted by `hsb' on input line 1371.
) (/opt/TEXLive/2017/texmf-dist/tex/generic/pgf/basiclayer/pgfcore.code.tex
Package: pgfcore 2010/04/11 v3.0.1a (rcs-revision 1.7)
(/opt/TEXLive/2017/texmf-dist/tex/generic/pgf/math/pgfmath.code.tex (/opt/TEXLi
ve/2017/texmf-dist/tex/generic/pgf/math/pgfmathcalc.code.tex (/opt/TEXLive/2017
/texmf-dist/tex/generic/pgf/math/pgfmathutil.code.tex) (/opt/TEXLive/2017/texmf
-dist/tex/generic/pgf/math/pgfmathparser.code.tex
\pgfmath@dimen=\dimen135
\pgfmath@count=\count115
\pgfmath@box=\box30
\pgfmath@toks=\toks31
\pgfmath@stack@operand=\toks32
\pgfmath@stack@operation=\toks33
) (/opt/TEXLive/2017/texmf-dist/tex/generic/pgf/math/pgfmathfunctions.code.tex
(/opt/TEXLive/2017/texmf-dist/tex/generic/pgf/math/pgfmathfunctions.basic.code.
tex)
(/opt/TEXLive/2017/texmf-dist/tex/generic/pgf/math/pgfmathfunctions.trigonometr
ic.code.tex)
(/opt/TEXLive/2017/texmf-dist/tex/generic/pgf/math/pgfmathfunctions.random.code
.tex)
(/opt/TEXLive/2017/texmf-dist/tex/generic/pgf/math/pgfmathfunctions.comparison.
code.tex)
(/opt/TEXLive/2017/texmf-dist/tex/generic/pgf/math/pgfmathfunctions.base.code.t
ex)
(/opt/TEXLive/2017/texmf-dist/tex/generic/pgf/math/pgfmathfunctions.round.code.
tex)
(/opt/TEXLive/2017/texmf-dist/tex/generic/pgf/math/pgfmathfunctions.misc.code.t
ex)
(/opt/TEXLive/2017/texmf-dist/tex/generic/pgf/math/pgfmathfunctions.integerarit
hmetics.code.tex))) (/opt/TEXLive/2017/texmf-dist/tex/generic/pgf/math/pgfmathf
loat.code.tex
\c@pgfmathroundto@lastzeros=\count116
))
(/opt/TEXLive/2017/texmf-dist/tex/generic/pgf/basiclayer/pgfcorepoints.code.tex
File: pgfcorepoints.code.tex 2013/10/07  (rcs-revision 1.27)
\pgf@picminx=\dimen136
\pgf@picmaxx=\dimen137
\pgf@picminy=\dimen138
\pgf@picmaxy=\dimen139
\pgf@pathminx=\dimen140
\pgf@pathmaxx=\dimen141
\pgf@pathminy=\dimen142
\pgf@pathmaxy=\dimen143
\pgf@xx=\dimen144
\pgf@xy=\dimen145
\pgf@yx=\dimen146
\pgf@yy=\dimen147
\pgf@zx=\dimen148
\pgf@zy=\dimen149
)
(/opt/TEXLive/2017/texmf-dist/tex/generic/pgf/basiclayer/pgfcorepathconstruct.c
ode.tex
File: pgfcorepathconstruct.code.tex 2013/10/07  (rcs-revision 1.29)
\pgf@path@lastx=\dimen150
\pgf@path@lasty=\dimen151
)
(/opt/TEXLive/2017/texmf-dist/tex/generic/pgf/basiclayer/pgfcorepathusage.code.
tex
File: pgfcorepathusage.code.tex 2014/11/02  (rcs-revision 1.24)
\pgf@shorten@end@additional=\dimen152
\pgf@shorten@start@additional=\dimen153
)
(/opt/TEXLive/2017/texmf-dist/tex/generic/pgf/basiclayer/pgfcorescopes.code.tex
File: pgfcorescopes.code.tex 2015/05/08  (rcs-revision 1.46)
\pgfpic=\box31
\pgf@hbox=\box32
\pgf@layerbox@main=\box33
\pgf@picture@serial@count=\count117
)
(/opt/TEXLive/2017/texmf-dist/tex/generic/pgf/basiclayer/pgfcoregraphicstate.co
de.tex
File: pgfcoregraphicstate.code.tex 2014/11/02  (rcs-revision 1.12)
\pgflinewidth=\dimen154
)
(/opt/TEXLive/2017/texmf-dist/tex/generic/pgf/basiclayer/pgfcoretransformations
.code.tex
File: pgfcoretransformations.code.tex 2015/08/07  (rcs-revision 1.20)
\pgf@pt@x=\dimen155
\pgf@pt@y=\dimen156
\pgf@pt@temp=\dimen157
) (/opt/TEXLive/2017/texmf-dist/tex/generic/pgf/basiclayer/pgfcorequick.code.te
x
File: pgfcorequick.code.tex 2008/10/09  (rcs-revision 1.3)
)
(/opt/TEXLive/2017/texmf-dist/tex/generic/pgf/basiclayer/pgfcoreobjects.code.te
x
File: pgfcoreobjects.code.tex 2006/10/11  (rcs-revision 1.2)
)
(/opt/TEXLive/2017/texmf-dist/tex/generic/pgf/basiclayer/pgfcorepathprocessing.
code.tex
File: pgfcorepathprocessing.code.tex 2013/09/09  (rcs-revision 1.9)
)
(/opt/TEXLive/2017/texmf-dist/tex/generic/pgf/basiclayer/pgfcorearrows.code.tex
File: pgfcorearrows.code.tex 2015/05/14  (rcs-revision 1.43)
\pgfarrowsep=\dimen158
) (/opt/TEXLive/2017/texmf-dist/tex/generic/pgf/basiclayer/pgfcoreshade.code.te
x
File: pgfcoreshade.code.tex 2013/07/15  (rcs-revision 1.15)
\pgf@max=\dimen159
\pgf@sys@shading@range@num=\count118
) (/opt/TEXLive/2017/texmf-dist/tex/generic/pgf/basiclayer/pgfcoreimage.code.te
x
File: pgfcoreimage.code.tex 2013/07/15  (rcs-revision 1.18)

(/opt/TEXLive/2017/texmf-dist/tex/generic/pgf/basiclayer/pgfcoreexternal.code.t
ex
File: pgfcoreexternal.code.tex 2014/07/09  (rcs-revision 1.21)
\pgfexternal@startupbox=\box34
))
(/opt/TEXLive/2017/texmf-dist/tex/generic/pgf/basiclayer/pgfcorelayers.code.tex
File: pgfcorelayers.code.tex 2013/07/18  (rcs-revision 1.7)
)
(/opt/TEXLive/2017/texmf-dist/tex/generic/pgf/basiclayer/pgfcoretransparency.co
de.tex
File: pgfcoretransparency.code.tex 2013/09/30  (rcs-revision 1.5)
)
(/opt/TEXLive/2017/texmf-dist/tex/generic/pgf/basiclayer/pgfcorepatterns.code.t
ex
File: pgfcorepatterns.code.tex 2013/11/07  (rcs-revision 1.5)
))) (/opt/TEXLive/2017/texmf-dist/tex/generic/pgf/modules/pgfmoduleshapes.code.
tex
File: pgfmoduleshapes.code.tex 2014/03/21  (rcs-revision 1.35)
\pgfnodeparttextbox=\box35
) (/opt/TEXLive/2017/texmf-dist/tex/generic/pgf/modules/pgfmoduleplot.code.tex
File: pgfmoduleplot.code.tex 2015/08/03  (rcs-revision 1.13)
)
(/opt/TEXLive/2017/texmf-dist/tex/latex/pgf/compatibility/pgfcomp-version-0-65.
sty
Package: pgfcomp-version-0-65 2007/07/03 v3.0.1a (rcs-revision 1.7)
\pgf@nodesepstart=\dimen160
\pgf@nodesepend=\dimen161
)
(/opt/TEXLive/2017/texmf-dist/tex/latex/pgf/compatibility/pgfcomp-version-1-18.
sty
Package: pgfcomp-version-1-18 2007/07/23 v3.0.1a (rcs-revision 1.1)
)) (/opt/TEXLive/2017/texmf-dist/tex/latex/pgf/utilities/pgffor.sty (/opt/TEXLi
ve/2017/texmf-dist/tex/latex/pgf/utilities/pgfkeys.sty (/opt/TEXLive/2017/texmf
-dist/tex/generic/pgf/utilities/pgfkeys.code.tex)) (/opt/TEXLive/2017/texmf-dis
t/tex/latex/pgf/math/pgfmath.sty (/opt/TEXLive/2017/texmf-dist/tex/generic/pgf/
math/pgfmath.code.tex)) (/opt/TEXLive/2017/texmf-dist/tex/generic/pgf/utilities
/pgffor.code.tex
Package: pgffor 2013/12/13 v3.0.1a (rcs-revision 1.25)
(/opt/TEXLive/2017/texmf-dist/tex/generic/pgf/math/pgfmath.code.tex)
\pgffor@iter=\dimen162
\pgffor@skip=\dimen163
\pgffor@stack=\toks34
\pgffor@toks=\toks35
)) (/opt/TEXLive/2017/texmf-dist/tex/generic/pgf/frontendlayer/tikz/tikz.code.t
ex
Package: tikz 2015/08/07 v3.0.1a (rcs-revision 1.151)

(/opt/TEXLive/2017/texmf-dist/tex/generic/pgf/libraries/pgflibraryplothandlers.
code.tex
File: pgflibraryplothandlers.code.tex 2013/08/31 v3.0.1a (rcs-revision 1.20)
\pgf@plot@mark@count=\count119
\pgfplotmarksize=\dimen164
)
\tikz@lastx=\dimen165
\tikz@lasty=\dimen166
\tikz@lastxsaved=\dimen167
\tikz@lastysaved=\dimen168
\tikzleveldistance=\dimen169
\tikzsiblingdistance=\dimen170
\tikz@figbox=\box36
\tikz@figbox@bg=\box37
\tikz@tempbox=\box38
\tikz@tempbox@bg=\box39
\tikztreelevel=\count120
\tikznumberofchildren=\count121
\tikznumberofcurrentchild=\count122
\tikz@fig@count=\count123
(/opt/TEXLive/2017/texmf-dist/tex/generic/pgf/modules/pgfmodulematrix.code.tex
File: pgfmodulematrix.code.tex 2013/09/17  (rcs-revision 1.8)
\pgfmatrixcurrentrow=\count124
\pgfmatrixcurrentcolumn=\count125
\pgf@matrix@numberofcolumns=\count126
)
\tikz@expandcount=\count127

(/opt/TEXLive/2017/texmf-dist/tex/generic/pgf/frontendlayer/tikz/libraries/tikz
librarytopaths.code.tex
File: tikzlibrarytopaths.code.tex 2008/06/17 v3.0.1a (rcs-revision 1.2)
)))
(/opt/TEXLive/2017/texmf-dist/tex/generic/pgf/frontendlayer/tikz/libraries/tikz
librarycalc.code.tex
File: tikzlibrarycalc.code.tex 2013/07/15 v3.0.1a (rcs-revision 1.9)
)
(/opt/TEXLive/2017/texmf-dist/tex/generic/pgf/frontendlayer/tikz/libraries/tikz
librarypositioning.code.tex
File: tikzlibrarypositioning.code.tex 2008/10/06 v3.0.1a (rcs-revision 1.7)
)
(/opt/TEXLive/2017/texmf-dist/tex/generic/pgf/frontendlayer/tikz/libraries/tikz
librarydecorations.pathmorphing.code.tex
(/opt/TEXLive/2017/texmf-dist/tex/generic/pgf/frontendlayer/tikz/libraries/tikz
librarydecorations.code.tex
(/opt/TEXLive/2017/texmf-dist/tex/generic/pgf/modules/pgfmoduledecorations.code
.tex
\pgfdecoratedcompleteddistance=\dimen171
\pgfdecoratedremainingdistance=\dimen172
\pgfdecoratedinputsegmentcompleteddistance=\dimen173
\pgfdecoratedinputsegmentremainingdistance=\dimen174
\pgf@decorate@distancetomove=\dimen175
\pgf@decorate@repeatstate=\count128
\pgfdecorationsegmentamplitude=\dimen176
\pgfdecorationsegmentlength=\dimen177
)
\tikz@lib@dec@box=\box40
)
(/opt/TEXLive/2017/texmf-dist/tex/generic/pgf/libraries/decorations/pgflibraryd
ecorations.pathmorphing.code.tex)) (./qrcode.sty
Package: qrcode 2014/09/26 v1.0 QR code generation
\c@qr@i=\count129
\c@qr@j=\count130
\qr@a=\count131
\qr@b=\count132
\qr@c=\count133
\qr@for@depth=\count134
\qr@for@maxdepth=\count135
\qr@for@start=\count136
\qr@for@end=\count137
\qr@for@step=\count138
\qr@newforcount=\count139
\qr@newforcount=\count140
\qr@desiredheight=\skip58
\qr@modulesize=\skip59
\qr@minipagewidth=\skip60
\c@maski=\count141
\c@maskj=\count142
\c@totalones=\count143
\c@penaltyi=\count144
\c@penaltyii=\count145
\c@penaltyiii=\count146
\c@penaltyiv=\count147
\c@qr@hexchars=\count148
\qr@newforcount=\count149
\c@qr@divisionsremaining=\count150
) (./code128.tex
**** Macro for barcodes in "Code 128" by (C) Petr Olsak used ****
\X=\dimen178
\bcorr=\dimen179
\workdimen=\dimen180
\barheight=\dimen181
\inputtext=\toks36
\icode=\toks37
\tempnum=\count151
\chnum=\count152
\chtotal=\count153
)
\c@question=\count154
\boxheight=\skip61
\edgeleftmargin=\skip62
\edgerightmargin=\skip63
\edgetopmargin=\skip64
\edgebottommargin=\skip65
\edgelen=\skip66
\elementlinewidth=\skip67
\checkboxsize=\skip68
\boxpaddings=\skip69
\textboxbottompad=\skip70
\cornerboxsize=\skip71
\c@codeboxlength=\count155
\codeboxstep=\skip72
\codeboxheight=\skip73
\barcodeheight=\skip74
\barcodebarwidth=\skip75
\barcodebcorr=\skip76
\barcodehpad=\skip77
\barcodevpad=\skip78
\c@questionnaireid=\count156
\c@surveyidmshw=\count157
\c@surveyidlshw=\count158
\c@choicegroupnumchoices=\count159
\c@checkboxnum=\count160
\c@textboxnum=\count161
\c@markcheckboxcount=\count162
(./sdaps.opt)
\smallskipamount=\skip79
\medskipamount=\skip80
\bigskipamount=\skip81
\@tempdimfillwidth=\dimen182
\c@choiceitems=\count163
\c@maxchoiceitems=\count164
\@tempdimlower=\dimen183
\@tempdimboxlower=\dimen184
\@tempdimheight=\dimen185
\@tempdimruleheight=\dimen186
\sdapsoutfile=\write4
\openout4 = `questionnaire.sdaps'.

) (/opt/TEXLive/2017/texmf-dist/tex/latex/base/inputenc.sty
Package: inputenc 2015/03/17 v1.2c Input encoding file
\inpenc@prehook=\toks38
\inpenc@posthook=\toks39

Package inputenc Warning: inputenc package ignored with utf8 based engines.

) (/opt/TEXLive/2017/texmf-dist/tex/latex/fontspec/fontspec.sty (/opt/TEXLive/2
017/texmf-dist/tex/latex/l3kernel/expl3.sty
Package: expl3 2017/07/19 L3 programming layer (loader) 
(/opt/TEXLive/2017/texmf-dist/tex/latex/l3kernel/expl3-code.tex
Package: expl3 2017/07/19 L3 programming layer (code)
\c_max_int=\count165
\l_tmpa_int=\count166
\l_tmpb_int=\count167
\g_tmpa_int=\count168
\g_tmpb_int=\count169
\g__intarray_font_int=\count170
\g__prg_map_int=\count171
\c_log_iow=\count172
\l_iow_line_count_int=\count173
\l__iow_line_target_int=\count174
\l__iow_one_indent_int=\count175
\l__iow_indent_int=\count176
\c_zero_dim=\dimen187
\c_max_dim=\dimen188
\l_tmpa_dim=\dimen189
\l_tmpb_dim=\dimen190
\g_tmpa_dim=\dimen191
\g_tmpb_dim=\dimen192
\c_zero_skip=\skip82
\c_max_skip=\skip83
\l_tmpa_skip=\skip84
\l_tmpb_skip=\skip85
\g_tmpa_skip=\skip86
\g_tmpb_skip=\skip87
\c_zero_muskip=\muskip11
\c_max_muskip=\muskip12
\l_tmpa_muskip=\muskip13
\l_tmpb_muskip=\muskip14
\g_tmpa_muskip=\muskip15
\g_tmpb_muskip=\muskip16
\l_keys_choice_int=\count177
\c__fp_leading_shift_int=\count178
\c__fp_middle_shift_int=\count179
\c__fp_trailing_shift_int=\count180
\c__fp_big_leading_shift_int=\count181
\c__fp_big_middle_shift_int=\count182
\c__fp_big_trailing_shift_int=\count183
\c__fp_Bigg_leading_shift_int=\count184
\c__fp_Bigg_middle_shift_int=\count185
\c__fp_Bigg_trailing_shift_int=\count186
\l__sort_length_int=\count187
\l__sort_min_int=\count188
\l__sort_top_int=\count189
\l__sort_max_int=\count190
\l__sort_true_max_int=\count191
\l__sort_block_int=\count192
\l__sort_begin_int=\count193
\l__sort_end_int=\count194
\l__sort_A_int=\count195
\l__sort_B_int=\count196
\l__sort_C_int=\count197
\l__tl_build_start_index_int=\count198
\l__tl_build_index_int=\count199
\l__tl_analysis_normal_int=\count266
\l__tl_analysis_index_int=\count267
\l__tl_analysis_nesting_int=\count268
\l__tl_analysis_type_int=\count269
\l__regex_internal_a_int=\count270
\l__regex_internal_b_int=\count271
\l__regex_internal_c_int=\count272
\l__regex_balance_int=\count273
\l__regex_group_level_int=\count274
\l__regex_mode_int=\count275
\c__regex_cs_in_class_mode_int=\count276
\c__regex_cs_mode_int=\count277
\l__regex_catcodes_int=\count278
\l__regex_default_catcodes_int=\count279
\c__regex_catcode_L_int=\count280
\c__regex_catcode_O_int=\count281
\c__regex_catcode_A_int=\count282
\c__regex_all_catcodes_int=\count283
\l__regex_show_lines_int=\count284
\l__regex_min_state_int=\count285
\l__regex_max_state_int=\count286
\l__regex_left_state_int=\count287
\l__regex_right_state_int=\count288
\l__regex_capturing_group_int=\count289
\l__regex_min_pos_int=\count290
\l__regex_max_pos_int=\count291
\l__regex_curr_pos_int=\count292
\l__regex_start_pos_int=\count293
\l__regex_success_pos_int=\count294
\l__regex_curr_char_int=\count295
\l__regex_curr_catcode_int=\count296
\l__regex_last_char_int=\count297
\l__regex_case_changed_char_int=\count298
\l__regex_curr_state_int=\count299
\l__regex_step_int=\count300
\l__regex_min_active_int=\count301
\l__regex_max_active_int=\count302
\l__regex_replacement_csnames_int=\count303
\l__regex_match_count_int=\count304
\l__regex_min_submatch_int=\count305
\l__regex_submatch_int=\count306
\l__regex_zeroth_submatch_int=\count307
\g__debug_trace_regex_int=\count308
\c_empty_box=\box41
\l_tmpa_box=\box42
\l_tmpb_box=\box43
\g_tmpa_box=\box44
\g_tmpb_box=\box45
\l__box_top_dim=\dimen193
\l__box_bottom_dim=\dimen194
\l__box_left_dim=\dimen195
\l__box_right_dim=\dimen196
\l__box_top_new_dim=\dimen197
\l__box_bottom_new_dim=\dimen198
\l__box_left_new_dim=\dimen199
\l__box_right_new_dim=\dimen256
\l__box_internal_box=\box46
\l__coffin_internal_box=\box47
\l__coffin_internal_dim=\dimen257
\l__coffin_offset_x_dim=\dimen258
\l__coffin_offset_y_dim=\dimen259
\l__coffin_x_dim=\dimen260
\l__coffin_y_dim=\dimen261
\l__coffin_x_prime_dim=\dimen262
\l__coffin_y_prime_dim=\dimen263
\c_empty_coffin=\box48
\l__coffin_aligned_coffin=\box49
\l__coffin_aligned_internal_coffin=\box50
\l_tmpa_coffin=\box51
\l_tmpb_coffin=\box52
\l__coffin_display_coffin=\box53
\l__coffin_display_coord_coffin=\box54
\l__coffin_display_pole_coffin=\box55
\l__coffin_display_offset_dim=\dimen264
\l__coffin_display_x_dim=\dimen265
\l__coffin_display_y_dim=\dimen266
\l__coffin_bounding_shift_dim=\dimen267
\l__coffin_left_corner_dim=\dimen268
\l__coffin_right_corner_dim=\dimen269
\l__coffin_bottom_corner_dim=\dimen270
\l__coffin_top_corner_dim=\dimen271
\l__coffin_scaled_total_height_dim=\dimen272
\l__coffin_scaled_width_dim=\dimen273
) (/opt/TEXLive/2017/texmf-dist/tex/latex/l3kernel/l3xdvipdfmx.def
File: l3xdvidpfmx.def 2017/03/18 v L3 Experimental driver: xdvipdfmx
\g__driver_image_int=\count309
\l__driver_tmp_box=\box56
)) (/opt/TEXLive/2017/texmf-dist/tex/latex/l3packages/xparse/xparse.sty
Package: xparse 2017/07/19 L3 Experimental document command parser
\l__xparse_current_arg_int=\count310
\g__xparse_grabber_int=\count311
\l__xparse_m_args_int=\count312
\l__xparse_mandatory_args_int=\count313
\l__xparse_v_nesting_int=\count314
)
Package: fontspec 2017/08/14 v2.6d Font selection for XeLaTeX and LuaLaTeX
(/opt/TEXLive/2017/texmf-dist/tex/latex/fontspec/fontspec-xetex.sty
Package: fontspec-xetex 2017/08/14 v2.6d Font selection for XeLaTeX and LuaLaTe
X
\l__fontspec_script_int=\count315
\l__fontspec_language_int=\count316
\l__fontspec_strnum_int=\count317
\l__fontspec_tmp_int=\count318
\l__fontspec_em_int=\count319
\l__fontspec_emdef_int=\count320
\l__fontspec_strong_int=\count321
\l__fontspec_strongdef_int=\count322
\l__fontspec_tmpa_dim=\dimen274
\l__fontspec_tmpb_dim=\dimen275
\l__fontspec_tmpc_dim=\dimen276
\g__file_internal_ior=\read2
(/opt/TEXLive/2017/texmf-dist/tex/latex/base/fontenc.sty
Package: fontenc 2017/04/05 v2.0i Standard LaTeX package
(/opt/TEXLive/2017/texmf-dist/tex/latex/base/tuenc.def
File: tuenc.def 2017/04/05 v2.0i Standard LaTeX file
LaTeX Font Info:    Redeclaring font encoding TU on input line 82.
))
.................................................
. LaTeX info: "xparse/define-command"
. 
. Defining command \fontspec with sig. 'O{}mO{}' on line 474.
.................................................
.................................................
. LaTeX info: "xparse/define-command"
. 
. Defining command \setmainfont with sig. 'O{}mO{}' on line 485.
.................................................
.................................................
. LaTeX info: "xparse/define-command"
. 
. Defining command \setsansfont with sig. 'O{}mO{}' on line 505.
.................................................
.................................................
. LaTeX info: "xparse/define-command"
. 
. Defining command \setmonofont with sig. 'O{}mO{}' on line 525.
.................................................
.................................................
. LaTeX info: "xparse/define-command"
. 
. Defining command \setromanfont with sig. 'O{}mO{}' on line 545.
.................................................
.................................................
. LaTeX info: "xparse/define-command"
. 
. Defining command \setmathrm with sig. 'O{}mO{}' on line 549.
.................................................
.................................................
. LaTeX info: "xparse/define-command"
. 
. Defining command \setboldmathrm with sig. 'O{}mO{}' on line 557.
.................................................
.................................................
. LaTeX info: "xparse/define-command"
. 
. Defining command \setmathsf with sig. 'O{}mO{}' on line 565.
.................................................
.................................................
. LaTeX info: "xparse/define-command"
. 
. Defining command \setmathtt with sig. 'O{}mO{}' on line 573.
.................................................
.................................................
. LaTeX info: "xparse/define-command"
. 
. Defining command \newfontfamily with sig. 'mO{}mO{}' on line 588.
.................................................
.................................................
. LaTeX info: "xparse/define-command"
. 
. Defining command \newfontface with sig. 'mO{}mO{}' on line 605.
.................................................
.................................................
. LaTeX info: "xparse/define-command"
. 
. Defining command \defaultfontfeatures with sig. 't+om' on line 616.
.................................................
.................................................
. LaTeX info: "xparse/define-command"
. 
. Defining command \addfontfeatures with sig. 'm' on line 647.
.................................................
.................................................
. LaTeX info: "xparse/define-command"
. 
. Defining command \newfontfeature with sig. 'mm' on line 674.
.................................................
.................................................
. LaTeX info: "xparse/define-command"
. 
. Defining command \newAATfeature with sig. 'mmmm' on line 688.
.................................................
.................................................
. LaTeX info: "xparse/define-command"
. 
. Defining command \newopentypefeature with sig. 'mmm' on line 702.
.................................................
.................................................
. LaTeX info: "xparse/define-command"
. 
. Defining command \newICUfeature with sig. 'mmm' on line 722.
.................................................
.................................................
. LaTeX info: "xparse/define-command"
. 
. Defining command \aliasfontfeature with sig. 'mm' on line 726.
.................................................
.................................................
. LaTeX info: "xparse/define-command"
. 
. Defining command \aliasfontfeatureoption with sig. 'mmm' on line 747.
.................................................
.................................................
. LaTeX info: "xparse/define-command"
. 
. Defining command \newfontscript with sig. 'mm' on line 780.
.................................................
.................................................
. LaTeX info: "xparse/define-command"
. 
. Defining command \newfontlanguage with sig. 'mm' on line 784.
.................................................
.................................................
. LaTeX info: "xparse/define-command"
. 
. Defining command \DeclareFontsExtensions with sig. 'm' on line 788.
.................................................
.................................................
. LaTeX info: "xparse/define-command"
. 
. Defining command \IfFontFeatureActiveTF with sig. 'mmm' on line 799.
.................................................
.................................................
. LaTeX info: "xparse/define-command"
. 
. Defining command \EncodingCommand with sig. 'mO{}m' on line 3538.
.................................................
.................................................
. LaTeX info: "xparse/define-command"
. 
. Defining command \EncodingAccent with sig. 'mm' on line 3544.
.................................................
.................................................
. LaTeX info: "xparse/define-command"
. 
. Defining command \EncodingSymbol with sig. 'mm' on line 3550.
.................................................
.................................................
. LaTeX info: "xparse/define-command"
. 
. Defining command \EncodingComposite with sig. 'mmm' on line 3556.
.................................................
.................................................
. LaTeX info: "xparse/define-command"
. 
. Defining command \EncodingCompositeCommand with sig. 'mmm' on line 3562.
.................................................
.................................................
. LaTeX info: "xparse/define-command"
. 
. Defining command \DeclareUnicodeEncoding with sig. 'mm' on line 3587.
.................................................
.................................................
. LaTeX info: "xparse/define-command"
. 
. Defining command \UndeclareSymbol with sig. 'm' on line 3593.
.................................................
.................................................
. LaTeX info: "xparse/define-command"
. 
. Defining command \UndeclareComposite with sig. 'mm' on line 3601.
.................................................
(/opt/TEXLive/2017/texmf-dist/tex/latex/fontspec/fontspec.cfg)
LaTeX Info: Redefining \itshape on input line 3786.
LaTeX Info: Redefining \slshape on input line 3791.
LaTeX Info: Redefining \scshape on input line 3796.
LaTeX Info: Redefining \upshape on input line 3801.
LaTeX Info: Redefining \em on input line 3831.
LaTeX Info: Redefining \emph on input line 3856.
LaTeX Info: Redefining \- on input line 3907.
.................................................
. LaTeX info: "xparse/redefine-command"
. 
. Redefining command \oldstylenums with sig. 'm' on line 4002.
.................................................
.................................................
. LaTeX info: "xparse/define-command"
. 
. Defining command \liningnums with sig. 'm' on line 4006.
.................................................
)) (/opt/TEXLive/2017/texmf-dist/tex/latex/base/fontenc.sty
Package: fontenc 2017/04/05 v2.0i Standard LaTeX package
(/opt/TEXLive/2017/texmf-dist/tex/latex/base/t1enc.def
File: t1enc.def 2017/04/05 v2.0i Standard LaTeX file
LaTeX Font Info:    Redeclaring font encoding T1 on input line 48.
)) (/opt/TEXLive/2017/texmf-dist/tex/latex/amsmath/amsmath.sty
Package: amsmath 2016/11/05 v2.16a AMS math features
\@mathmargin=\skip88
For additional information on amsmath, use the `?' option.
(/opt/TEXLive/2017/texmf-dist/tex/latex/amsmath/amstext.sty
Package: amstext 2000/06/29 v2.01 AMS text
(/opt/TEXLive/2017/texmf-dist/tex/latex/amsmath/amsgen.sty
File: amsgen.sty 1999/11/30 v2.0 generic functions
\@emptytoks=\toks40
\ex@=\dimen277
)) (/opt/TEXLive/2017/texmf-dist/tex/latex/amsmath/amsbsy.sty
Package: amsbsy 1999/11/29 v1.2d Bold Symbols
\pmbraise@=\dimen278
) (/opt/TEXLive/2017/texmf-dist/tex/latex/amsmath/amsopn.sty
Package: amsopn 2016/03/08 v2.02 operator names
)
\inf@bad=\count323
LaTeX Info: Redefining \frac on input line 213.
\uproot@=\count324
\leftroot@=\count325
LaTeX Info: Redefining \overline on input line 375.
\classnum@=\count326
\DOTSCASE@=\count327
LaTeX Info: Redefining \ldots on input line 472.
LaTeX Info: Redefining \dots on input line 475.
LaTeX Info: Redefining \cdots on input line 596.
\Mathstrutbox@=\box57
\strutbox@=\box58
\big@size=\dimen279
LaTeX Font Info:    Redeclaring font encoding OML on input line 712.
LaTeX Font Info:    Redeclaring font encoding OMS on input line 713.
\macc@depth=\count328
\c@MaxMatrixCols=\count329
\dotsspace@=\muskip17
\c@parentequation=\count330
\dspbrk@lvl=\count331
\tag@help=\toks41
\row@=\count332
\column@=\count333
\maxfields@=\count334
\andhelp@=\toks42
\eqnshift@=\dimen280
\alignsep@=\dimen281
\tagshift@=\dimen282
\tagwidth@=\dimen283
\totwidth@=\dimen284
\lineht@=\dimen285
\@envbody=\toks43
\multlinegap=\skip89
\multlinetaggap=\skip90
\mathdisplay@stack=\toks44
LaTeX Info: Redefining \[ on input line 2817.
LaTeX Info: Redefining \] on input line 2818.
) (/opt/TEXLive/2017/texmf-dist/tex/latex/tcolorbox/tcolorbox.sty
Package: tcolorbox 2017/07/05 version 4.10 text color boxes
(/opt/TEXLive/2017/texmf-dist/tex/latex/tools/verbatim.sty
Package: verbatim 2014/10/28 v1.5q LaTeX2e package for verbatim enhancements
\every@verbatim=\toks45
\verbatim@line=\toks46
\verbatim@in@stream=\read3
) (/opt/TEXLive/2017/texmf-dist/tex/latex/etoolbox/etoolbox.sty
Package: etoolbox 2017/01/02 v2.4 e-TeX tools for LaTeX (JAW)
\etb@tempcnta=\count335
)
\tcb@titlebox=\box59
\tcb@upperbox=\box60
\tcb@lowerbox=\box61
\tcb@phantombox=\box62
\c@tcbbreakpart=\count336
\c@tcblayer=\count337
\tcolorbox@number=\count338
\tcb@temp=\box63
\tcb@temp=\box64
\tcb@temp=\box65
\tcb@temp=\box66
\tcb@out=\write5
\tcb@record@out=\write6
)
.................................................
. fontspec info: "no-scripts"
. 
. Font "Kedage" does not contain any OpenType `Script' information.
.................................................
\g__fontspec_family_Kedage_int=\count339
.................................................
. fontspec info: "defining-font"
. 
. Font family 'Kedage(0)' created for font 'Kedage' with options [].
.  
.  This font family consists of the following NFSS series/shapes:
.  
. - 'normal' (m/n) with NFSS spec.: <->"Kedage/OT"
. - 'small caps'  (m/sc) with NFSS spec.: 
. - 'bold' (bx/n) with NFSS spec.: <->"Kedage/B/OT"
. - 'bold small caps'  (bx/sc) with NFSS spec.: 
. - 'italic' (m/it) with NFSS spec.: <->"Kedage/I/OT"
. - 'italic small caps'  (m/itsc) with NFSS spec.: 
. - 'bold italic' (bx/it) with NFSS spec.: <->"Kedage/BI/OT"
. - 'bold italic small caps'  (bx/itsc) with NFSS spec.: 
.................................................
(/opt/TEXLive/2017/texmf-dist/tex/latex/tools/multicol.sty
Package: multicol 2017/04/11 v1.8q multicolumn formatting (FMi)
\c@tracingmulticols=\count340
\mult@box=\box67
\multicol@leftmargin=\dimen286
\c@unbalance=\count341
\c@collectmore=\count342
\doublecol@number=\count343
\multicoltolerance=\count344
\multicolpretolerance=\count345
\full@width=\dimen287
\page@free=\dimen288
\premulticols=\dimen289
\postmulticols=\dimen290
\multicolsep=\skip91
\multicolbaselineskip=\skip92
\partial@page=\box68
\last@line=\box69
\maxbalancingoverflow=\dimen291
\mult@rightbox=\box70
\mult@grightbox=\box71
\mult@gfirstbox=\box72
\mult@firstbox=\box73
\@tempa=\box74
\@tempa=\box75
\@tempa=\box76
\@tempa=\box77
\@tempa=\box78
\@tempa=\box79
\@tempa=\box80
\@tempa=\box81
\@tempa=\box82
\@tempa=\box83
\@tempa=\box84
\@tempa=\box85
\@tempa=\box86
\@tempa=\box87
\@tempa=\box88
\@tempa=\box89
\@tempa=\box90
\c@columnbadness=\count346
\c@finalcolumnbadness=\count347
\last@try=\dimen292
\multicolovershoot=\dimen293
\multicolundershoot=\dimen294
\mult@nat@firstbox=\box91
\colbreak@box=\box92
\mc@col@check@num=\count348
) (./questionnaire.aux)
\openout1 = `questionnaire.aux'.

LaTeX Font Info:    Checking defaults for OML/cmm/m/it on input line 17.
LaTeX Font Info:    ... okay on input line 17.
LaTeX Font Info:    Checking defaults for T1/cmr/m/n on input line 17.
LaTeX Font Info:    ... okay on input line 17.
LaTeX Font Info:    Checking defaults for OT1/cmr/m/n on input line 17.
LaTeX Font Info:    ... okay on input line 17.
LaTeX Font Info:    Checking defaults for OMS/cmsy/m/n on input line 17.
LaTeX Font Info:    ... okay on input line 17.
LaTeX Font Info:    Checking defaults for TU/lmr/m/n on input line 17.
LaTeX Font Info:    ... okay on input line 17.
LaTeX Font Info:    Checking defaults for OMX/cmex/m/n on input line 17.
LaTeX Font Info:    ... okay on input line 17.
LaTeX Font Info:    Checking defaults for U/cmr/m/n on input line 17.
LaTeX Font Info:    ... okay on input line 17.
LaTeX Font Info:    Checking defaults for PD1/pdf/m/n on input line 17.
LaTeX Font Info:    ... okay on input line 17.
LaTeX Font Info:    Checking defaults for PU/pdf/m/n on input line 17.
LaTeX Font Info:    ... okay on input line 17.
*geometry* driver: auto-detecting
*geometry* detected driver: xetex
*geometry* verbose mode - [ preamble ] result:
* driver: xetex
* paper: <default>
* layout: <same size as paper>
* layoutoffset:(h,v)=(0.0pt,0.0pt)
* modes: 
* h-part:(L,W,R)=(48.36967pt, 500.76859pt, 48.36967pt)
* v-part:(T,H,B)=(71.13188pt, 702.78317pt, 71.13188pt)
* \paperwidth=597.50793pt
* \paperheight=845.04694pt
* \textwidth=500.76859pt
* \textheight=702.78317pt
* \oddsidemargin=-23.90031pt
* \evensidemargin=-23.90031pt
* \topmargin=-22.8881pt
* \headheight=0.0pt
* \headsep=21.75pt
* \topskip=12.0pt
* \footskip=50.75pt
* \marginparwidth=49.79233pt
* \marginparsep=12.8401pt
* \columnsep=10.0pt
* \skip\footins=10.8pt plus 4.0pt minus 2.0pt
* \hoffset=0.0pt
* \voffset=0.0pt
* \mag=1000
* \@twocolumnfalse
* \@twosidefalse
* \@mparswitchfalse
* \@reversemarginfalse
* (1in=72.27pt=25.4mm, 1cm=28.453pt)

Package lastpage Info: Please have a look at the pageslts package at
(lastpage)             https://www.ctan.org/pkg/pageslts
(lastpage)             ! on input line 17.

Package scrpage2 Warning: seems you are using a very small headheight.
(scrpage2)                If you get overfull \vbox warnings at almost every
(scrpage2)                page, you should increase headheight e.g. writing
(scrpage2)                 \setlength{\headheight}{1.1\baselineskip}
(scrpage2)                into the preamble of your document.
(scrpage2)                A better solution would be to use typearea package.

\AtBeginShipoutBox=\box93
Package hyperref Info: Link coloring OFF on input line 17.
(/opt/TEXLive/2017/texmf-dist/tex/latex/hyperref/nameref.sty
Package: nameref 2016/05/21 v2.44 Cross-referencing by name of section
(/opt/TEXLive/2017/texmf-dist/tex/generic/oberdiek/gettitlestring.sty
Package: gettitlestring 2016/05/16 v1.5 Cleanup title references (HO)
)
\c@section@level=\count349
)
LaTeX Info: Redefining \ref on input line 17.
LaTeX Info: Redefining \pageref on input line 17.
LaTeX Info: Redefining \nameref on input line 17.
(./questionnaire.out) (./questionnaire.out)
\@outlinefile=\write7
\openout7 = `questionnaire.out'.

(./translator-sdaps-dictionary-English.dict
Dictionary: translator-sdaps-dictionary, Language: English 
) ABD: EveryShipout initializing macros
.................................................
. fontspec info: "setup-math"
. 
. Adjusting the maths setup (use [no-math] to avoid this).
.................................................
\symlegacymaths=\mathgroup6
LaTeX Font Info:    Overwriting symbol font `legacymaths' in version `bold'
(Font)                  OT1/cmr/m/n --> OT1/cmr/bx/n on input line 17.
LaTeX Font Info:    Redeclaring math accent \acute on input line 17.
LaTeX Font Info:    Redeclaring math accent \grave on input line 17.
LaTeX Font Info:    Redeclaring math accent \ddot on input line 17.
LaTeX Font Info:    Redeclaring math accent \tilde on input line 17.
LaTeX Font Info:    Redeclaring math accent \bar on input line 17.
LaTeX Font Info:    Redeclaring math accent \breve on input line 17.
LaTeX Font Info:    Redeclaring math accent \check on input line 17.
LaTeX Font Info:    Redeclaring math accent \hat on input line 17.
LaTeX Font Info:    Redeclaring math accent \dot on input line 17.
LaTeX Font Info:    Redeclaring math accent \mathring on input line 17.
LaTeX Font Info:    Redeclaring math symbol \Gamma on input line 17.
LaTeX Font Info:    Redeclaring math symbol \Delta on input line 17.
LaTeX Font Info:    Redeclaring math symbol \Theta on input line 17.
LaTeX Font Info:    Redeclaring math symbol \Lambda on input line 17.
LaTeX Font Info:    Redeclaring math symbol \Xi on input line 17.
LaTeX Font Info:    Redeclaring math symbol \Pi on input line 17.
LaTeX Font Info:    Redeclaring math symbol \Sigma on input line 17.
LaTeX Font Info:    Redeclaring math symbol \Upsilon on input line 17.
LaTeX Font Info:    Redeclaring math symbol \Phi on input line 17.
LaTeX Font Info:    Redeclaring math symbol \Psi on input line 17.
LaTeX Font Info:    Redeclaring math symbol \Omega on input line 17.
LaTeX Font Info:    Redeclaring math symbol \mathdollar on input line 17.
LaTeX Font Info:    Redeclaring symbol font `operators' on input line 17.
LaTeX Font Info:    Encoding `OT1' has changed to `TU' for symbol font
(Font)              `operators' in the math version `normal' on input line 17.
LaTeX Font Info:    Overwriting symbol font `operators' in version `normal'
(Font)                  OT1/cmr/m/n --> TU/lmr/m/n on input line 17.
LaTeX Font Info:    Encoding `OT1' has changed to `TU' for symbol font
(Font)              `operators' in the math version `bold' on input line 17.
LaTeX Font Info:    Overwriting symbol font `operators' in version `bold'
(Font)                  OT1/cmr/bx/n --> TU/lmr/m/n on input line 17.
LaTeX Font Info:    Overwriting symbol font `operators' in version `normal'
(Font)                  TU/lmr/m/n --> TU/lmr/m/n on input line 17.
LaTeX Font Info:    Overwriting math alphabet `\mathit' in version `normal'
(Font)                  OT1/cmr/m/it --> TU/lmr/m/it on input line 17.
LaTeX Font Info:    Overwriting math alphabet `\mathbf' in version `normal'
(Font)                  OT1/cmr/bx/n --> TU/lmr/bx/n on input line 17.
LaTeX Font Info:    Overwriting math alphabet `\mathsf' in version `normal'
(Font)                  OT1/cmss/m/n --> TU/lmss/m/n on input line 17.
LaTeX Font Info:    Overwriting math alphabet `\mathtt' in version `normal'
(Font)                  OT1/cmtt/m/n --> TU/lmtt/m/n on input line 17.
LaTeX Font Info:    Overwriting symbol font `operators' in version `bold'
(Font)                  TU/lmr/m/n --> TU/lmr/bx/n on input line 17.
LaTeX Font Info:    Overwriting math alphabet `\mathit' in version `bold'
(Font)                  OT1/cmr/bx/it --> TU/lmr/bx/it on input line 17.
LaTeX Font Info:    Overwriting math alphabet `\mathsf' in version `bold'
(Font)                  OT1/cmss/bx/n --> TU/lmss/bx/n on input line 17.
LaTeX Font Info:    Overwriting math alphabet `\mathtt' in version `bold'
(Font)                  OT1/cmtt/m/n --> TU/lmtt/bx/n on input line 17.

Package hyperref Warning: Token not allowed in a PDF string (Unicode):
(hyperref)                removing `\new@ifnextchar' on input line 216.


Package hyperref Warning: Token not allowed in a PDF string (Unicode):
(hyperref)                removing `\new@ifnextchar' on input line 216.


Package hyperref Warning: Token not allowed in a PDF string (Unicode):
(hyperref)                removing `\new@ifnextchar' on input line 216.

LaTeX Font Info:    Try loading font information for U+msa on input line 216.
(/opt/TEXLive/2017/texmf-dist/tex/latex/amsfonts/umsa.fd
File: umsa.fd 2013/01/14 v3.01 AMS symbols A
)
LaTeX Font Info:    Try loading font information for U+msb on input line 216.
(/opt/TEXLive/2017/texmf-dist/tex/latex/amsfonts/umsb.fd
File: umsb.fd 2013/01/14 v3.01 AMS symbols B
)
Overfull \hbox (3.46198pt too wide) in paragraph at lines 216--216
[]||\T1/lmr/m/n/12 1.|| 
 []


Overfull \hbox (3.46198pt too wide) in paragraph at lines 216--216
[]||\T1/lmr/m/n/12 2.|| 
 []


Overfull \hbox (3.46198pt too wide) in paragraph at lines 216--216
[]||\T1/lmr/m/n/12 3.|| 
 []


Overfull \hbox (3.46198pt too wide) in paragraph at lines 216--216
[]||\T1/lmr/m/n/12 4.|| 
 []


Overfull \hbox (3.46198pt too wide) in paragraph at lines 216--216
[]||\T1/lmr/m/n/12 5.|| 
 []


Overfull \hbox (3.46198pt too wide) in paragraph at lines 216--216
[]||\T1/lmr/m/n/12 6.|| 
 []


Overfull \hbox (3.46198pt too wide) in paragraph at lines 216--216
[]||\T1/lmr/m/n/12 7.|| 
 []


Overfull \hbox (3.46198pt too wide) in paragraph at lines 216--216
[]||\T1/lmr/m/n/12 8.|| 
 []


Overfull \hbox (3.46198pt too wide) in paragraph at lines 216--216
[]||\T1/lmr/m/n/12 9.|| 
 []


Overfull \hbox (9.33696pt too wide) in paragraph at lines 216--216
[]||\T1/lmr/m/n/12 10.|| 
 []


Overfull \hbox (9.33696pt too wide) in paragraph at lines 216--216
[]||\T1/lmr/m/n/12 11.|| 
 []


Overfull \hbox (9.33696pt too wide) in paragraph at lines 216--216
[]||\T1/lmr/m/n/12 12.|| 
 []


Overfull \hbox (9.33696pt too wide) in paragraph at lines 216--216
[]||\T1/lmr/m/n/12 13.|| 
 []


Overfull \hbox (9.33696pt too wide) in paragraph at lines 216--216
[]||\T1/lmr/m/n/12 14.|| 
 []


Overfull \hbox (9.33696pt too wide) in paragraph at lines 216--216
[]||\T1/lmr/m/n/12 15.|| 
 []


Overfull \hbox (9.33696pt too wide) in paragraph at lines 216--216
[]||\T1/lmr/m/n/12 16.|| 
 []


Overfull \hbox (9.33696pt too wide) in paragraph at lines 216--216
[]||\T1/lmr/m/n/12 17.|| 
 []


Overfull \hbox (9.33696pt too wide) in paragraph at lines 216--216
[]||\T1/lmr/m/n/12 18.|| 
 []


Overfull \hbox (9.33696pt too wide) in paragraph at lines 216--216
[]||\T1/lmr/m/n/12 19.|| 
 []


Overfull \hbox (9.33696pt too wide) in paragraph at lines 216--216
[]||\T1/lmr/m/n/12 20.|| 
 []


Overfull \hbox (9.33696pt too wide) in paragraph at lines 216--216
[]||\T1/lmr/m/n/12 21.|| 
 []


Overfull \hbox (9.33696pt too wide) in paragraph at lines 216--216
[]||\T1/lmr/m/n/12 22.|| 
 []


Overfull \hbox (9.33696pt too wide) in paragraph at lines 216--216
[]||\T1/lmr/m/n/12 23.|| 
 []


Overfull \hbox (9.33696pt too wide) in paragraph at lines 216--216
[]||\T1/lmr/m/n/12 24.|| 
 []


Overfull \hbox (9.33696pt too wide) in paragraph at lines 216--216
[]||\T1/lmr/m/n/12 25.|| 
 []


Overfull \hbox (9.33696pt too wide) in paragraph at lines 216--216
[]||\T1/lmr/m/n/12 26.|| 
 []


Overfull \hbox (9.33696pt too wide) in paragraph at lines 216--216
[]||\T1/lmr/m/n/12 27.|| 
 []


Overfull \hbox (9.33696pt too wide) in paragraph at lines 216--216
[]||\T1/lmr/m/n/12 28.|| 
 []


Overfull \hbox (9.33696pt too wide) in paragraph at lines 216--216
[]||\T1/lmr/m/n/12 29.|| 
 []


Overfull \hbox (9.33696pt too wide) in paragraph at lines 216--216
[]||\T1/lmr/m/n/12 30.|| 
 []


Overfull \hbox (9.33696pt too wide) in paragraph at lines 216--216
[]||\T1/lmr/m/n/12 31.|| 
 []


Overfull \hbox (9.33696pt too wide) in paragraph at lines 216--216
[]||\T1/lmr/m/n/12 32.|| 
 []


Overfull \hbox (9.33696pt too wide) in paragraph at lines 216--216
[]||\T1/lmr/m/n/12 33.|| 
 []


Overfull \hbox (9.33696pt too wide) in paragraph at lines 216--216
[]||\T1/lmr/m/n/12 34.|| 
 []


Overfull \hbox (9.33696pt too wide) in paragraph at lines 216--216
[]||\T1/lmr/m/n/12 35.|| 
 []


Overfull \hbox (9.33696pt too wide) in paragraph at lines 216--216
[]||\T1/lmr/m/n/12 36.|| 
 []


Overfull \hbox (9.33696pt too wide) in paragraph at lines 216--216
[]||\T1/lmr/m/n/12 37.|| 
 []


Overfull \hbox (9.33696pt too wide) in paragraph at lines 216--216
[]||\T1/lmr/m/n/12 38.|| 
 []


Overfull \hbox (9.33696pt too wide) in paragraph at lines 216--216
[]||\T1/lmr/m/n/12 39.|| 
 []


Overfull \hbox (9.33696pt too wide) in paragraph at lines 216--216
[]||\T1/lmr/m/n/12 40.|| 
 []


Overfull \hbox (9.33696pt too wide) in paragraph at lines 216--216
[]||\T1/lmr/m/n/12 41.|| 
 []


Overfull \hbox (9.33696pt too wide) in paragraph at lines 216--216
[]||\T1/lmr/m/n/12 42.|| 
 []


Overfull \hbox (9.33696pt too wide) in paragraph at lines 216--216
[]||\T1/lmr/m/n/12 43.|| 
 []


Overfull \hbox (9.33696pt too wide) in paragraph at lines 216--216
[]||\T1/lmr/m/n/12 44.|| 
 []


Overfull \hbox (9.33696pt too wide) in paragraph at lines 216--216
[]||\T1/lmr/m/n/12 45.|| 
 []


Overfull \hbox (9.33696pt too wide) in paragraph at lines 216--216
[]||\T1/lmr/m/n/12 46.|| 
 []


Overfull \hbox (9.33696pt too wide) in paragraph at lines 216--216
[]||\T1/lmr/m/n/12 47.|| 
 []


Overfull \hbox (9.33696pt too wide) in paragraph at lines 216--216
[]||\T1/lmr/m/n/12 48.|| 
 []


Overfull \hbox (9.33696pt too wide) in paragraph at lines 216--216
[]||\T1/lmr/m/n/12 49.|| 
 []


Overfull \hbox (9.33696pt too wide) in paragraph at lines 216--216
[]||\T1/lmr/m/n/12 50.|| 
 []


Overfull \hbox (9.33696pt too wide) in paragraph at lines 216--216
[]||\T1/lmr/m/n/12 51.|| 
 []


Overfull \hbox (9.33696pt too wide) in paragraph at lines 216--216
[]||\T1/lmr/m/n/12 52.|| 
 []


Overfull \hbox (9.33696pt too wide) in paragraph at lines 216--216
[]||\T1/lmr/m/n/12 53.|| 
 []


Overfull \hbox (9.33696pt too wide) in paragraph at lines 216--216
[]||\T1/lmr/m/n/12 54.|| 
 []


Overfull \hbox (9.33696pt too wide) in paragraph at lines 216--216
[]||\T1/lmr/m/n/12 55.|| 
 []


Overfull \hbox (9.33696pt too wide) in paragraph at lines 216--216
[]||\T1/lmr/m/n/12 56.|| 
 []


Overfull \hbox (9.33696pt too wide) in paragraph at lines 216--216
[]||\T1/lmr/m/n/12 57.|| 
 []


Overfull \hbox (9.33696pt too wide) in paragraph at lines 216--216
[]||\T1/lmr/m/n/12 58.|| 
 []


Overfull \hbox (9.33696pt too wide) in paragraph at lines 216--216
[]||\T1/lmr/m/n/12 59.|| 
 []


Overfull \hbox (9.33696pt too wide) in paragraph at lines 216--216
[]||\T1/lmr/m/n/12 60.|| 
 []


Overfull \hbox (9.33696pt too wide) in paragraph at lines 216--216
[]||\T1/lmr/m/n/12 61.|| 
 []


Overfull \hbox (9.33696pt too wide) in paragraph at lines 216--216
[]||\T1/lmr/m/n/12 62.|| 
 []


Overfull \hbox (9.33696pt too wide) in paragraph at lines 216--216
[]||\T1/lmr/m/n/12 63.|| 
 []


Overfull \hbox (9.33696pt too wide) in paragraph at lines 216--216
[]||\T1/lmr/m/n/12 64.|| 
 []


Overfull \hbox (9.33696pt too wide) in paragraph at lines 216--216
[]||\T1/lmr/m/n/12 65.|| 
 []


Overfull \hbox (9.33696pt too wide) in paragraph at lines 216--216
[]||\T1/lmr/m/n/12 66.|| 
 []


Overfull \hbox (9.33696pt too wide) in paragraph at lines 216--216
[]||\T1/lmr/m/n/12 67.|| 
 []


Overfull \hbox (9.33696pt too wide) in paragraph at lines 216--216
[]||\T1/lmr/m/n/12 68.|| 
 []


Overfull \hbox (9.33696pt too wide) in paragraph at lines 216--216
[]||\T1/lmr/m/n/12 69.|| 
 []


Overfull \hbox (9.33696pt too wide) in paragraph at lines 216--216
[]||\T1/lmr/m/n/12 70.|| 
 []


Overfull \hbox (9.33696pt too wide) in paragraph at lines 216--216
[]||\T1/lmr/m/n/12 71.|| 
 []


Overfull \hbox (9.33696pt too wide) in paragraph at lines 216--216
[]||\T1/lmr/m/n/12 72.|| 
 []


Overfull \hbox (9.33696pt too wide) in paragraph at lines 216--216
[]||\T1/lmr/m/n/12 73.|| 
 []


Overfull \hbox (9.33696pt too wide) in paragraph at lines 216--216
[]||\T1/lmr/m/n/12 74.|| 
 []


Overfull \hbox (9.33696pt too wide) in paragraph at lines 216--216
[]||\T1/lmr/m/n/12 75.|| 
 []


Overfull \hbox (9.33696pt too wide) in paragraph at lines 216--216
[]||\T1/lmr/m/n/12 76.|| 
 []


Overfull \hbox (9.33696pt too wide) in paragraph at lines 216--216
[]||\T1/lmr/m/n/12 77.|| 
 []


Overfull \hbox (9.33696pt too wide) in paragraph at lines 216--216
[]||\T1/lmr/m/n/12 78.|| 
 []


Overfull \hbox (9.33696pt too wide) in paragraph at lines 216--216
[]||\T1/lmr/m/n/12 79.|| 
 []


Overfull \hbox (9.33696pt too wide) in paragraph at lines 216--216
[]||\T1/lmr/m/n/12 80.|| 
 []


Overfull \hbox (9.33696pt too wide) in paragraph at lines 216--216
[]||\T1/lmr/m/n/12 81.|| 
 []


Overfull \hbox (9.33696pt too wide) in paragraph at lines 216--216
[]||\T1/lmr/m/n/12 82.|| 
 []


Overfull \hbox (9.33696pt too wide) in paragraph at lines 216--216
[]||\T1/lmr/m/n/12 83.|| 
 []


Overfull \hbox (9.33696pt too wide) in paragraph at lines 216--216
[]||\T1/lmr/m/n/12 84.|| 
 []


Overfull \hbox (9.33696pt too wide) in paragraph at lines 216--216
[]||\T1/lmr/m/n/12 85.|| 
 []


Overfull \hbox (9.33696pt too wide) in paragraph at lines 216--216
[]||\T1/lmr/m/n/12 86.|| 
 []


Overfull \hbox (9.33696pt too wide) in paragraph at lines 216--216
[]||\T1/lmr/m/n/12 87.|| 
 []


Overfull \hbox (9.33696pt too wide) in paragraph at lines 216--216
[]||\T1/lmr/m/n/12 88.|| 
 []


Overfull \hbox (9.33696pt too wide) in paragraph at lines 216--216
[]||\T1/lmr/m/n/12 89.|| 
 []


Overfull \hbox (9.33696pt too wide) in paragraph at lines 216--216
[]||\T1/lmr/m/n/12 90.|| 
 []


LaTeX Warning: No \author given.


Overfull \vbox (43.91669pt too high) has occurred while \output is active []

** Code 128 ** input: 40090817620001
encoded: \startC ,40,09,08,17,62,00,01,57,\stop ,
black-white: 21123223111322121313221212322143111121222222212231211323311120
LaTeX Font Info:    Try loading font information for T1+lmtt on input line 216.

(/opt/TEXLive/2017/texmf-dist/tex/latex/lm/t1lmtt.fd
File: t1lmtt.fd 2009/10/30 v1.6 Font defs for Latin Modern
) [1


] 
AED: lastpage setting LastPage
Package atveryend Info: Empty hook `BeforeClearDocument' on input line 217.
Package atveryend Info: Empty hook `AfterLastShipout' on input line 217.
(./questionnaire.aux)
Package atveryend Info: Empty hook `AtVeryEndDocument' on input line 217.
Package atveryend Info: Empty hook `AtEndAfterFileList' on input line 217.
Package atveryend Info: Empty hook `AtVeryVeryEnd' on input line 217.
 ) 
Here is how much of TeX's memory you used:
 39091 strings out of 492998
 774297 string characters out of 6137851
 1277327 words of memory out of 5000000
 42587 multiletter control sequences out of 15000+600000
 551072 words of font info for 57 fonts, out of 8000000 for 9000
 1348 hyphenation exceptions out of 8191
 71i,13n,77p,10377b,1036s stack positions out of 5000i,500n,10000p,200000b,80000s

Output written on questionnaire.pdf (1 page).
